I 1 11245.115512000
E 0 2 0 0.054743900 107202383708296 256
E 0 3 0 0.054752300 107202383708552 256
E 0 4 0 0.054753400 107202383708808 256
E 0 5 0 0.055014100 107202383708296 256
L 0 6 0 0.055016500 107202383708296 256
E 0 7 0 0.055018600 107202383708296 200
E 0 8 1 0.055035000 107202383708552 256
L 0 9 0 0.055036000 107202383708296 256
L 0 10 1 0.055036900 107202383708552 256
E 0 11 1 0.055038000 107202383708552 200
E 0 12 2 0.055047000 107202383708808 256
L 0 13 0 0.055047800 107202383708296 256
L 0 14 1 0.055048600 107202383708552 256
L 0 15 2 0.055049300 107202383708808 256
E 0 16 2 0.055050100 107202383708808 200
E 0 17 0 0.055053300 107202383708536 4
E 0 18 0 0.055054300 107202383708536 4
E 0 19 1 0.055055100 107202383708792 4
E 0 20 1 0.055055800 107202383708792 4
E 0 21 2 0.055056500 107202383709048 4
E 0 22 2 0.055057100 107202383709048 4
L 0 23 0 0.055059800 107202383708296 200
L 0 24 1 0.055061600 107202383708552 200
L 0 25 2 0.055063000 107202383708808 200
L 0 26 0 0.055063800 107202383708544 4
L 0 27 0 0.055064800 107202383708544 4
E 0 28 0 0.055066500 107202383708536 4
L 0 29 2 0.055788400 107202383708552 256
L 0 30 0 0.055791800 107202383708296 256
E 0 31 2 0.055792700 107202383708552 256
E 0 32 0 0.055793600 107202383708296 256
L 0 33 0 0.055807500 107202383708296 256
E 0 34 0 0.055809200 107202383708296 200
L 0 35 0 0.056120200 107202383708296 256
L 0 36 2 0.056124200 107202383708552 256
L 0 37 1 0.056125300 107202383708808 256
E 0 38 1 0.056139500 107202383708808 200
E 0 39 0 0.056144300 107202383708536 4
E 0 40 0 0.056145300 107202383708536 4
E 0 41 2 0.056146100 107202383708792 4
E 0 42 2 0.056146800 107202383708792 4
E 0 43 1 0.056147500 107202383709048 4
E 0 44 1 0.056148100 107202383709048 4
L 0 45 0 0.056150100 107202383708296 200
L 0 46 2 0.056151400 107202383708552 200
L 0 47 1 0.056152500 107202383708808 200
L 0 48 0 0.056153400 107202383708544 4
L 0 49 1 0.056154200 107202383709056 4
L 0 50 0 0.056155100 107202383708544 4
L 0 51 1 0.056156000 107202383709056 4
E 0 52 0 0.056157100 107202383708536 4
E 0 53 1 0.056157900 107202383709048 4
L 0 54 1 0.057020200 107202383708552 256
L 0 55 0 0.057023700 107202383708296 256
E 0 56 1 0.057024700 107202383708552 256
E 0 57 0 0.057025600 107202383708296 256
F 58 11245.174441200 0.058929200
